[01:31:07] [ServerMain/INFO]: Starting provider: vanilla/SNBT -> NBT
[01:31:07] [ServerMain/INFO]: vanilla/SNBT -> NBT finished after 1 ms
[01:31:07] [ServerMain/INFO]: Starting provider: vanilla/Model Definitions
[01:31:09] [ServerMain/INFO]: vanilla/Model Definitions finished after 1286 ms
[01:31:09] [ServerMain/INFO]: Starting provider: vanilla/Registries
[01:31:09] [ServerMain/INFO]: vanilla/Registries finished after 318 ms
[01:31:09] [ServerMain/INFO]: Starting provider: vanilla/Advancements
[01:31:09] [ServerMain/INFO]: vanilla/Advancements finished after 199 ms
[01:31:09] [ServerMain/INFO]: Starting provider: vanilla/Loot Tables
[01:31:10] [ServerMain/INFO]: vanilla/Loot Tables finished after 451 ms
[01:31:10] [ServerMain/INFO]: Starting provider: vanilla/Recipes
[01:31:10] [ServerMain/INFO]: vanilla/Recipes finished after 475 ms
[01:31:10] [ServerMain/INFO]: Starting provider: vanilla/Tags for minecraft:block
[01:31:10] [ServerMain/INFO]: vanilla/Tags for minecraft:block finished after 66 ms
[01:31:10] [ServerMain/INFO]: Starting provider: vanilla/Tags for minecraft:item
[01:31:10] [ServerMain/INFO]: vanilla/Tags for minecraft:item finished after 32 ms
[01:31:10] [ServerMain/INFO]: Starting provider: vanilla/Tags for minecraft:banner_pattern
[01:31:10] [ServerMain/INFO]: vanilla/Tags for minecraft:banner_pattern finished after 3 ms
[01:31:10] [ServerMain/INFO]: Starting provider: vanilla/Tags for minecraft:worldgen/biome
[01:31:10] [ServerMain/INFO]: vanilla/Tags for minecraft:worldgen/biome finished after 109 ms
[01:31:10] [ServerMain/INFO]: Starting provider: vanilla/Tags for minecraft:cat_variant
[01:31:10] [ServerMain/INFO]: vanilla/Tags for minecraft:cat_variant finished after 1 ms
[01:31:10] [ServerMain/INFO]: Starting provider: vanilla/Tags for minecraft:damage_type
[01:31:10] [ServerMain/INFO]: vanilla/Tags for minecraft:damage_type finished after 9 ms
[01:31:10] [ServerMain/INFO]: Starting provider: vanilla/Tags for minecraft:entity_type
[01:31:10] [ServerMain/INFO]: vanilla/Tags for minecraft:entity_type finished after 5 ms
[01:31:10] [ServerMain/INFO]: Starting provider: vanilla/Tags for minecraft:worldgen/flat_level_generator_preset
[01:31:10] [ServerMain/INFO]: vanilla/Tags for minecraft:worldgen/flat_level_generator_preset finished after 1 ms
[01:31:10] [ServerMain/INFO]: Starting provider: vanilla/Tags for minecraft:fluid
[01:31:10] [ServerMain/INFO]: vanilla/Tags for minecraft:fluid finished after 1 ms
[01:31:10] [ServerMain/INFO]: Starting provider: vanilla/Tags for minecraft:game_event
[01:31:10] [ServerMain/INFO]: vanilla/Tags for minecraft:game_event finished after 2 ms
[01:31:10] [ServerMain/INFO]: Starting provider: vanilla/Tags for minecraft:instrument
[01:31:10] [ServerMain/INFO]: vanilla/Tags for minecraft:instrument finished after 1 ms
[01:31:10] [ServerMain/INFO]: Starting provider: vanilla/Tags for minecraft:painting_variant
[01:31:10] [ServerMain/INFO]: vanilla/Tags for minecraft:painting_variant finished after 1 ms
[01:31:10] [ServerMain/INFO]: Starting provider: vanilla/Tags for minecraft:point_of_interest_type
[01:31:10] [ServerMain/INFO]: vanilla/Tags for minecraft:point_of_interest_type finished after 2 ms
[01:31:10] [ServerMain/INFO]: Starting provider: vanilla/Tags for minecraft:worldgen/structure
[01:31:10] [ServerMain/INFO]: vanilla/Tags for minecraft:worldgen/structure finished after 4 ms
[01:31:10] [ServerMain/INFO]: Starting provider: vanilla/Tags for minecraft:worldgen/world_preset
[01:31:10] [ServerMain/INFO]: vanilla/Tags for minecraft:worldgen/world_preset finished after 1 ms
[01:31:10] [ServerMain/INFO]: Starting provider: vanilla/NBT -> SNBT
[01:31:10] [ServerMain/INFO]: vanilla/NBT -> SNBT finished after 0 ms
[01:31:10] [ServerMain/INFO]: Starting provider: vanilla/Biome Parameters
[01:31:11] [ServerMain/INFO]: vanilla/Biome Parameters finished after 218 ms
[01:31:11] [ServerMain/INFO]: Starting provider: vanilla/Block List
[01:31:11] [ServerMain/INFO]: vanilla/Block List finished after 113 ms
[01:31:11] [ServerMain/INFO]: Starting provider: vanilla/Command Syntax
[01:31:11] [ServerMain/INFO]: vanilla/Command Syntax finished after 214 ms
[01:31:11] [ServerMain/INFO]: Starting provider: vanilla/Registry Dump
[01:31:11] [ServerMain/INFO]: vanilla/Registry Dump finished after 13 ms
[01:31:11] [ServerMain/INFO]: Starting provider: bundle/Recipes
[01:31:11] [ServerMain/INFO]: bundle/Recipes finished after 3 ms
[01:31:11] [ServerMain/INFO]: Starting provider: bundle/Pack Metadata
[01:31:11] [ServerMain/INFO]: bundle/Pack Metadata finished after 1 ms
[01:31:11] [ServerMain/INFO]: All providers took: 3575 ms
[01:31:11] [ServerMain/INFO]: Caching: total files: 9172, old count: 0, new count: 9173, removed stale: 0, written: 9172
